[0.017s] Invoking command in '/home/ros2/Documents/fa_ROS2_ws/build/ackermann_msgs': CMAKE_PREFIX_PATH=/opt/ros/humble /usr/bin/cmake --build /home/ros2/Documents/fa_ROS2_ws/build/ackermann_msgs -- -j8 -l8
[0.197s] failed to create symbolic link '/home/ros2/Documents/fa_ROS2_ws/build/ackermann_msgs/ament_cmake_python/ackermann_msgs/ackermann_msgs' because existing path cannot be removed: Is a directory
[0.197s] gmake[2]: *** [CMakeFiles/ament_cmake_python_symlink_ackermann_msgs.dir/build.make:70: CMakeFiles/ament_cmake_python_symlink_ackermann_msgs] Error 1
[0.197s] gmake[1]: *** [CMakeFiles/Makefile2:421: CMakeFiles/ament_cmake_python_symlink_ackermann_msgs.dir/all] Error 2
[0.197s] gmake[1]: *** Waiting for unfinished jobs....
[0.214s] [ 10%] Built target ackermann_msgs__rosidl_generator_c
[0.221s] [ 12%] Built target ackermann_msgs__cpp
[0.223s] gmake: *** [Makefile:146: all] Error 2
[0.227s] Invoked command in '/home/ros2/Documents/fa_ROS2_ws/build/ackermann_msgs' returned '2': CMAKE_PREFIX_PATH=/opt/ros/humble /usr/bin/cmake --build /home/ros2/Documents/fa_ROS2_ws/build/ackermann_msgs -- -j8 -l8
